[0m15:03:34.681193 [debug] [MainThread]: Sending event: {'category': 'dbt', 'action': 'invocation', 'label': 'start', 'context': [<snowplow_tracker.self_describing_json.SelfDescribingJson object at 0x00000264B8504440>, <snowplow_tracker.self_describing_json.SelfDescribingJson object at 0x00000264B8FA2850>, <snowplow_tracker.self_describing_json.SelfDescribingJson object at 0x00000264B9143D90>]}


============================== 15:03:34.697111 | 110a3c96-5747-4e38-93e3-3236ac62ea8e ==============================
[0m15:03:34.697111 [info ] [MainThread]: Running with dbt=1.9.3
[0m15:03:34.697891 [debug] [MainThread]: running dbt with arguments {'printer_width': '80', 'indirect_selection': 'eager', 'log_cache_events': 'False', 'write_json': 'True', 'partial_parse': 'True', 'cache_selected_only': 'False', 'warn_error': 'None', 'fail_fast': 'False', 'version_check': 'True', 'log_path': 'logs', 'debug': 'False', 'profiles_dir': 'C:\\Users\\Fgllc\\.dbt', 'use_colors': 'True', 'use_experimental_parser': 'False', 'no_print': 'None', 'quiet': 'False', 'empty': 'None', 'log_format': 'default', 'invocation_command': 'dbt init dbt_project', 'introspect': 'True', 'static_parser': 'True', 'target_path': 'None', 'warn_error_options': 'WarnErrorOptions(include=[], exclude=[])', 'send_anonymous_usage_stats': 'True'}
[0m15:03:34.708764 [warn ] [MainThread]: [ConfigFolderDirectory]: Unable to parse logging event dictionary. Failed to parse dir field: expected string or bytes-like object, got 'WindowsPath'.. Dictionary: {'dir': WindowsPath('C:/Users/Fgllc/.dbt')}
[0m15:03:34.709360 [info ] [MainThread]: Creating dbt configuration folder at 
[0m15:03:34.711746 [debug] [MainThread]: Starter project path: C:\Users\Fgllc\OneDrive\Escritorio\USC\etl_project\venv\Lib\site-packages\dbt\include\starter_project
[0m15:03:34.724561 [info ] [MainThread]: 
Your new dbt project "dbt_project" was created!

For more information on how to configure the profiles.yml file,
please consult the dbt documentation here:

  https://docs.getdbt.com/docs/configure-your-profile

One more thing:

Need help? Don't hesitate to reach out to us via GitHub issues or on Slack:

  https://community.getdbt.com/

Happy modeling!

[0m15:03:34.726039 [info ] [MainThread]: Setting up your profile.
[0m15:07:48.902210 [info ] [MainThread]: Profile dbt_project written to C:\Users\Fgllc\.dbt\profiles.yml using target's sample configuration. Once updated, you'll be able to start developing with dbt.
[0m15:07:48.904005 [debug] [MainThread]: Command `dbt init` succeeded at 15:07:48.903787 after 254.43 seconds
[0m15:07:48.904532 [debug] [MainThread]: Sending event: {'category': 'dbt', 'action': 'invocation', 'label': 'end', 'context': [<snowplow_tracker.self_describing_json.SelfDescribingJson object at 0x00000264B91D6C40>, <snowplow_tracker.self_describing_json.SelfDescribingJson object at 0x00000264B92A30B0>, <snowplow_tracker.self_describing_json.SelfDescribingJson object at 0x00000264B924D150>]}
[0m15:07:48.905088 [debug] [MainThread]: Flushing usage events
[0m15:07:49.481566 [debug] [MainThread]: An error was encountered while trying to flush usage events
